0 info it worked if it ends with ok
1 verbose cli [ 'C:\\Program Files\\nodejs\\node.exe',
1 verbose cli   'C:\\Program Files\\nodejs\\node_modules\\npm\\bin\\npm-cli.js',
1 verbose cli   'run',
1 verbose cli   'commit' ]
2 info using npm@3.10.8
3 info using node@v6.9.1
4 verbose run-script [ 'precommit', 'commit', 'postcommit' ]
5 info lifecycle npm-lib-boilerplate@0.0.0-semantically-released~precommit: npm-lib-boilerplate@0.0.0-semantically-released
6 silly lifecycle npm-lib-boilerplate@0.0.0-semantically-released~precommit: no script for precommit, continuing
7 info lifecycle npm-lib-boilerplate@0.0.0-semantically-released~commit: npm-lib-boilerplate@0.0.0-semantically-released
8 verbose lifecycle npm-lib-boilerplate@0.0.0-semantically-released~commit: unsafe-perm in lifecycle true
9 verbose lifecycle npm-lib-boilerplate@0.0.0-semantically-released~commit: PATH: C:\Users\User\AppData\Roaming\nvm\v6.9.1\node_modules\npm\bin\node-gyp-bin;D:\git-projects\npm-lib-boilerplate\node_modules\.bin;C:\Users\User\bin;C:\Program Files\Git\mingw64\bin;C:\Program Files\Git\usr\local\bin;C:\Program Files\Git\usr\bin;C:\Program Files\Git\usr\bin;C:\Program Files\Git\mingw64\bin;C:\Program Files\Git\usr\bin;C:\Users\User\bin;C:\ProgramData\Oracle\Java\javapath;C:\Users\User\bin\Sencha\Cmd\5.0.1.231;C:\Program Files (x86)\NVIDIA Corporation\PhysX\Common;C:\Program Files (x86)\Intel\iCLS Client;C:\Program Files\Intel\iCLS Client;C:\WINDOWS\system32;C:\WINDOWS;C:\WINDOWS\System32\Wbem;C:\WINDOWS\System32\WindowsPowerShell\v1.0;C:\Program Files\Intel\Intel(R) Management Engine Components\DAL;C:\Program Files\Intel\Intel(R) Management Engine Components\IPT;C:\Program Files (x86)\Intel\Intel(R) Management Engine Components\DAL;C:\Program Files (x86)\Intel\Intel(R) Management Engine Components\IPT;C:\Program Files\Microsoft\Web Platform Installer;C:\Program Files (x86)\Microsoft ASP.NET\ASP.NET Web Pages\v1.0;C:\Program Files\Microsoft SQL Server\110\Tools\Binn;C:\Program Files\Microsoft SQL Server\110\DTS\Binn;C:\Program Files (x86)\Microsoft SQL Server\110\Tools\Binn;C:\Program Files (x86)\Microsoft SQL Server\110\Tools\Binn\ManagementStudio;C:\Program Files (x86)\Microsoft Visual Studio 10.0\Common7\IDE\PrivateAssemblies;C:\Program Files (x86)\Microsoft SQL Server\110\DTS\Binn;C:\Program Files (x86)\MySQL\MySQL Utilities 1.3.6;C:\Program Files (x86)\Windows Kits\8.1\Windows Performance Toolkit;C:\Program Files (x86)\Microsoft SQL Server\100\Tools\Binn;C:\Program Files\Microsoft SQL Server\100\Tools\Binn;C:\Program Files\Microsoft SQL Server\100\DTS\Binn;C:\Program Files (x86)\Rational\common;C:\Program Files\TortoiseSVN\bin;C:\Program Files (x86)\VisualSVN\bin;C:\Users\User\AppData\Roaming\npm;C:\Program Files\ANT\apache-ant-1.9.4\bin;C:\Program Files (x86)\Git\cmd;C:\Program Files (x86)\Heroku\bin;C:\Program Files (x86)\git\cmd;C:\Android;C:\Windows\System32;C:\Program Files (x86)\Skype\Phone;C:\Users\User\AppData\Roaming\nvm;C:\Program Files\nodejs;C:\Program Files\Git\cmd;C:\Ruby22-x64\bin;C:\Users\User\AppData\Local\atom\bin;C:\Users\User\AppData\Local\Microsoft\WindowsApps;C:\Program Files (x86)\Microsoft VS Code\bin;C:\Users\User\AppData\Roaming\nvm;C:\Program Files\nodejs;C:\Program Files\Git\usr\bin\vendor_perl;C:\Program Files\Git\usr\bin\core_perl
10 verbose lifecycle npm-lib-boilerplate@0.0.0-semantically-released~commit: CWD: D:\git-projects\npm-lib-boilerplate
11 silly lifecycle npm-lib-boilerplate@0.0.0-semantically-released~commit: Args: [ '/d /s /c', 'git-cz' ]
12 silly lifecycle npm-lib-boilerplate@0.0.0-semantically-released~commit: Returned: code: 1  signal: null
13 info lifecycle npm-lib-boilerplate@0.0.0-semantically-released~commit: Failed to exec commit script
14 verbose stack Error: npm-lib-boilerplate@0.0.0-semantically-released commit: `git-cz`
14 verbose stack Exit status 1
14 verbose stack     at EventEmitter.<anonymous> (C:\Users\User\AppData\Roaming\nvm\v6.9.1\node_modules\npm\lib\utils\lifecycle.js:255:16)
14 verbose stack     at emitTwo (events.js:106:13)
14 verbose stack     at EventEmitter.emit (events.js:191:7)
14 verbose stack     at ChildProcess.<anonymous> (C:\Users\User\AppData\Roaming\nvm\v6.9.1\node_modules\npm\lib\utils\spawn.js:40:14)
14 verbose stack     at emitTwo (events.js:106:13)
14 verbose stack     at ChildProcess.emit (events.js:191:7)
14 verbose stack     at maybeClose (internal/child_process.js:877:16)
14 verbose stack     at Process.ChildProcess._handle.onexit (internal/child_process.js:226:5)
15 verbose pkgid npm-lib-boilerplate@0.0.0-semantically-released
16 verbose cwd D:\git-projects\npm-lib-boilerplate
17 error Windows_NT 10.0.14393
18 error argv "C:\\Program Files\\nodejs\\node.exe" "C:\\Program Files\\nodejs\\node_modules\\npm\\bin\\npm-cli.js" "run" "commit"
19 error node v6.9.1
20 error npm  v3.10.8
21 error code ELIFECYCLE
22 error npm-lib-boilerplate@0.0.0-semantically-released commit: `git-cz`
22 error Exit status 1
23 error Failed at the npm-lib-boilerplate@0.0.0-semantically-released commit script 'git-cz'.
23 error Make sure you have the latest version of node.js and npm installed.
23 error If you do, this is most likely a problem with the npm-lib-boilerplate package,
23 error not with npm itself.
23 error Tell the author that this fails on your system:
23 error     git-cz
23 error You can get information on how to open an issue for this project with:
23 error     npm bugs npm-lib-boilerplate
23 error Or if that isn't available, you can get their info via:
23 error     npm owner ls npm-lib-boilerplate
23 error There is likely additional logging output above.
24 verbose exit [ 1, true ]
